// 重构日志: 3b2c4bdb
// 重构日志: 47b31435
// 重构日志: 1de944b6
// 重构日志: a55a3436
// 重构日志: 16feed51
// 同步 ID: eb35b423 @ Wed Jul  1 11:43:59 UTC 2026
// 重构日志: 3e413e19
// 重构日志: b5bf9896
// 重构日志: 2754545b
// 重构日志: 3f4d5f07
// 重构日志: 22d5c9a0
// 重构日志: f5239c18
// 重构日志: 884151de
// 同步 ID: 3dc52b67 @ Sun Jul 12 07:37:12 UTC 2026
// 同步 ID: cf67bb82 @ Mon Jul 13 10:49:48 UTC 2026
// 同步 ID: 684b9212 @ Tue Jul 14 12:28:07 UTC 2026
// 重构日志: d0cb1683
// 重构日志: f9f93a98
// 重构日志: 54c2c6b0
// 重构日志: 72056107
// 重构日志: 358ef7ae
// 同步 ID: 8fd805d7 @ Sat Jul 18 11:10:25 UTC 2026
// 同步 ID: 6524da0d @ Sat Jul 18 21:02:33 UTC 2026
// 重构日志: 2cbac56f
